"FreeRTOS Task Aware Debugger for GDB" version 11.2.0 (202008131332)
(c) 2016-2018 NXP Semiconductors, Inc.
==================================
18:38:58.873 INFO: [TadModel] DSF session ID 6 has started.
18:39:01.391 INFO: [TadState] TAD state changed:  DEBUG_STARTED -> DEBUG_INIT_0 (RESUMED, USER_REQUEST)
18:39:01.415 INFO: [TadState] TAD state changed:  DEBUG_INIT_0 -> DEBUG_INIT_1 (SUSPENDED, SIGNAL)
18:39:02.110 INFO: [TadState] TAD state changed:  DEBUG_INIT_1 -> DEBUG_SUSPENDED (RESUMED, USER_REQUEST)
18:39:02.163 INFO: [TadState] TAD state changed:  DEBUG_SUSPENDED -> DEBUG_SUSPENDED (SUSPENDED, BREAKPOINT)
18:39:05.718 INFO: [TadState] TAD state changed:  DEBUG_SUSPENDED -> DEBUG_RESUMED (RESUMED, STEP)
18:39:05.824 INFO: [TadState] TAD state changed:  DEBUG_RESUMED -> READY (SUSPENDED, STEP)
18:39:06.86 INFO: [TadState] TAD state changed:  READY -> DEBUG_RESUMED (RESUMED, STEP)
18:39:06.192 INFO: [TadState] TAD state changed:  DEBUG_RESUMED -> READY (SUSPENDED, STEP)
18:39:06.274 INFO: [TadState] TAD state changed:  READY -> DEBUG_RESUMED (RESUMED, STEP)
18:39:06.390 INFO: [TadState] TAD state changed:  DEBUG_RESUMED -> READY (SUSPENDED, STEP)
18:39:06.439 INFO: [TadState] TAD state changed:  READY -> DEBUG_RESUMED (RESUMED, STEP)
18:39:06.576 INFO: [TadState] TAD state changed:  DEBUG_RESUMED -> READY (SUSPENDED, STEP)
18:39:06.617 INFO: [TadState] TAD state changed:  READY -> DEBUG_RESUMED (RESUMED, STEP)
18:39:06.751 INFO: [TadState] TAD state changed:  DEBUG_RESUMED -> READY (SUSPENDED, STEP)
18:39:06.794 INFO: [TadState] TAD state changed:  READY -> DEBUG_RESUMED (RESUMED, STEP)
18:39:06.847 INFO: [TadState] TAD state changed:  DEBUG_RESUMED -> READY (SUSPENDED, STEP)
18:39:06.970 INFO: [TadState] TAD state changed:  READY -> DEBUG_RESUMED (RESUMED, STEP)
18:39:07.23 INFO: [TadState] TAD state changed:  DEBUG_RESUMED -> READY (SUSPENDED, STEP)
18:39:07.167 INFO: [TadState] TAD state changed:  READY -> DEBUG_RESUMED (RESUMED, STEP)
18:39:07.219 INFO: [TadState] TAD state changed:  DEBUG_RESUMED -> READY (SUSPENDED, STEP)
18:39:07.354 INFO: [TadState] TAD state changed:  READY -> DEBUG_RESUMED (RESUMED, STEP)
18:39:07.644 INFO: [TadState] TAD state changed:  DEBUG_RESUMED -> READY (SUSPENDED, STEP)
18:39:07.662 INFO: [TadState] TAD state changed:  READY -> DEBUG_RESUMED (RESUMED, STEP)
18:39:07.789 INFO: [TadState] TAD state changed:  DEBUG_RESUMED -> READY (SUSPENDED, STEP)
18:39:07.800 INFO: [TadState] TAD state changed:  READY -> DEBUG_RESUMED (RESUMED, STEP)
18:39:07.947 INFO: [TadState] TAD state changed:  DEBUG_RESUMED -> READY (SUSPENDED, STEP)
18:39:07.958 INFO: [TadState] TAD state changed:  READY -> DEBUG_RESUMED (RESUMED, STEP)
18:39:08.86 INFO: [TadState] TAD state changed:  DEBUG_RESUMED -> READY (SUSPENDED, STEP)
18:39:08.97 INFO: [TadState] TAD state changed:  READY -> DEBUG_RESUMED (RESUMED, STEP)
18:39:08.140 INFO: [TadState] TAD state changed:  DEBUG_RESUMED -> READY (SUSPENDED, STEP)
18:39:08.226 INFO: [TadState] TAD state changed:  READY -> DEBUG_RESUMED (RESUMED, STEP)
18:39:08.268 INFO: [TadState] TAD state changed:  DEBUG_RESUMED -> READY (SUSPENDED, STEP)
18:39:08.421 INFO: [TadState] TAD state changed:  READY -> DEBUG_RESUMED (RESUMED, STEP)
18:39:08.464 INFO: [TadState] TAD state changed:  DEBUG_RESUMED -> READY (SUSPENDED, STEP)
18:39:08.600 INFO: [TadState] TAD state changed:  READY -> DEBUG_RESUMED (RESUMED, STEP)
18:39:08.642 INFO: [TadState] TAD state changed:  DEBUG_RESUMED -> READY (SUSPENDED, STEP)
18:39:08.752 INFO: [TadState] TAD state changed:  READY -> DEBUG_RESUMED (RESUMED, STEP)
18:39:08.795 INFO: [TadState] TAD state changed:  DEBUG_RESUMED -> READY (SUSPENDED, STEP)
18:39:08.895 INFO: [TadState] TAD state changed:  READY -> DEBUG_RESUMED (RESUMED, STEP)
18:39:08.937 INFO: [TadState] TAD state changed:  DEBUG_RESUMED -> READY (SUSPENDED, STEP)
18:39:09.35 INFO: [TadState] TAD state changed:  READY -> DEBUG_RESUMED (RESUMED, STEP)
18:39:09.77 INFO: [TadState] TAD state changed:  DEBUG_RESUMED -> READY (SUSPENDED, STEP)
18:39:09.179 INFO: [TadState] TAD state changed:  READY -> DEBUG_RESUMED (RESUMED, STEP)
18:39:09.302 INFO: [TadState] TAD state changed:  DEBUG_RESUMED -> READY (SUSPENDED, STEP)
18:39:09.319 INFO: [TadState] TAD state changed:  READY -> DEBUG_RESUMED (RESUMED, STEP)
18:39:09.372 INFO: [TadState] TAD state changed:  DEBUG_RESUMED -> READY (SUSPENDED, STEP)
18:39:09.456 INFO: [TadState] TAD state changed:  READY -> DEBUG_RESUMED (RESUMED, STEP)
18:39:09.704 INFO: [TadState] TAD state changed:  DEBUG_RESUMED -> READY (SUSPENDED, STEP)
18:39:10.782 INFO: [TadState] TAD state changed:  READY -> DEBUG_RESUMED (RESUMED, STEP)
18:39:10.905 INFO: [TadState] TAD state changed:  DEBUG_RESUMED -> READY (SUSPENDED, STEP)
18:39:11.320 INFO: [TadState] TAD state changed:  READY -> DEBUG_RESUMED (RESUMED, STEP)
18:39:11.374 INFO: [TadState] TAD state changed:  DEBUG_RESUMED -> READY (SUSPENDED, STEP)
18:39:11.818 INFO: [TadState] TAD state changed:  READY -> DEBUG_RESUMED (RESUMED, STEP)
18:39:12.26 INFO: [TadState] TAD state changed:  DEBUG_RESUMED -> READY (SUSPENDED, STEP)
18:39:12.412 INFO: [TadState] TAD state changed:  READY -> DEBUG_RESUMED (RESUMED, STEP)
18:39:12.515 INFO: [TadState] TAD state changed:  DEBUG_RESUMED -> READY (SUSPENDED, STEP)
18:39:12.964 INFO: [TadState] TAD state changed:  READY -> DEBUG_RESUMED (RESUMED, STEP)
18:39:13.95 INFO: [TadState] TAD state changed:  DEBUG_RESUMED -> READY (SUSPENDED, STEP)
18:39:13.431 INFO: [TadState] TAD state changed:  READY -> DEBUG_RESUMED (RESUMED, STEP)
18:39:13.484 INFO: [TadState] TAD state changed:  DEBUG_RESUMED -> READY (SUSPENDED, STEP)
18:39:13.869 INFO: [TadState] TAD state changed:  READY -> DEBUG_RESUMED (RESUMED, STEP)
18:39:14.78 INFO: [TadState] TAD state changed:  DEBUG_RESUMED -> READY (SUSPENDED, STEP)
18:39:14.351 INFO: [TadState] TAD state changed:  READY -> DEBUG_RESUMED (RESUMED, STEP)
18:39:14.394 INFO: [TadState] TAD state changed:  DEBUG_RESUMED -> READY (SUSPENDED, STEP)
18:39:14.784 INFO: [TadState] TAD state changed:  READY -> DEBUG_RESUMED (RESUMED, STEP)
18:39:14.961 INFO: [TadState] TAD state changed:  DEBUG_RESUMED -> READY (SUSPENDED, STEP)
18:39:15.255 INFO: [TadState] TAD state changed:  READY -> DEBUG_RESUMED (RESUMED, STEP)
18:39:15.381 INFO: [TadState] TAD state changed:  DEBUG_RESUMED -> READY (SUSPENDED, STEP)
18:39:15.711 INFO: [TadState] TAD state changed:  READY -> DEBUG_RESUMED (RESUMED, STEP)
18:39:15.743 INFO: [TadState] TAD state changed:  DEBUG_RESUMED -> READY (SUSPENDED, STEP)
18:39:16.168 INFO: [TadState] TAD state changed:  READY -> DEBUG_RESUMED (RESUMED, STEP)
18:39:16.291 INFO: [TadState] TAD state changed:  DEBUG_RESUMED -> READY (SUSPENDED, STEP)
18:39:16.662 INFO: [TadState] TAD state changed:  READY -> DEBUG_RESUMED (RESUMED, STEP)
18:39:16.725 INFO: [TadState] TAD state changed:  DEBUG_RESUMED -> READY (SUSPENDED, STEP)
18:39:17.81 INFO: [TadState] TAD state changed:  READY -> DEBUG_RESUMED (RESUMED, STEP)
18:39:17.124 INFO: [TadState] TAD state changed:  DEBUG_RESUMED -> READY (SUSPENDED, STEP)
18:39:17.475 INFO: [TadState] TAD state changed:  READY -> DEBUG_RESUMED (RESUMED, STEP)
18:39:17.723 INFO: [TadState] TAD state changed:  DEBUG_RESUMED -> READY (SUSPENDED, STEP)
18:39:17.999 INFO: [TadState] TAD state changed:  READY -> DEBUG_RESUMED (RESUMED, STEP)
18:39:18.123 INFO: [TadState] TAD state changed:  DEBUG_RESUMED -> READY (SUSPENDED, STEP)
18:39:18.431 INFO: [TadState] TAD state changed:  READY -> DEBUG_RESUMED (RESUMED, STEP)
18:39:18.464 INFO: [TadState] TAD state changed:  DEBUG_RESUMED -> READY (SUSPENDED, STEP)
18:39:18.883 INFO: [TadState] TAD state changed:  READY -> DEBUG_RESUMED (RESUMED, STEP)
18:39:19.15 INFO: [TadState] TAD state changed:  DEBUG_RESUMED -> READY (SUSPENDED, STEP)
18:39:19.323 INFO: [TadState] TAD state changed:  READY -> DEBUG_RESUMED (RESUMED, STEP)
18:39:19.376 INFO: [TadState] TAD state changed:  DEBUG_RESUMED -> READY (SUSPENDED, STEP)
18:39:19.692 INFO: [TadState] TAD state changed:  READY -> DEBUG_RESUMED (RESUMED, STEP)
18:39:19.940 INFO: [TadState] TAD state changed:  DEBUG_RESUMED -> READY (SUSPENDED, STEP)
18:39:20.55 INFO: [TadState] TAD state changed:  READY -> DEBUG_RESUMED (RESUMED, STEP)
18:39:20.97 INFO: [TadState] TAD state changed:  DEBUG_RESUMED -> READY (SUSPENDED, STEP)
18:39:20.388 INFO: [TadState] TAD state changed:  READY -> DEBUG_RESUMED (RESUMED, STEP)
18:39:20.634 INFO: [TadState] TAD state changed:  DEBUG_RESUMED -> READY (SUSPENDED, STEP)
18:39:20.716 INFO: [TadState] TAD state changed:  READY -> DEBUG_RESUMED (RESUMED, STEP)
18:39:20.841 INFO: [TadState] TAD state changed:  DEBUG_RESUMED -> READY (SUSPENDED, STEP)
18:39:21.37 INFO: [TadState] TAD state changed:  READY -> DEBUG_RESUMED (RESUMED, STEP)
18:39:21.159 INFO: [TadState] TAD state changed:  DEBUG_RESUMED -> READY (SUSPENDED, STEP)
18:39:21.353 INFO: [TadState] TAD state changed:  READY -> DEBUG_RESUMED (RESUMED, STEP)
18:39:21.405 INFO: [TadState] TAD state changed:  DEBUG_RESUMED -> READY (SUSPENDED, STEP)
18:39:21.658 INFO: [TadState] TAD state changed:  READY -> DEBUG_RESUMED (RESUMED, STEP)
18:39:21.867 INFO: [TadState] TAD state changed:  DEBUG_RESUMED -> READY (SUSPENDED, STEP)
18:39:21.952 INFO: [TadState] TAD state changed:  READY -> DEBUG_RESUMED (RESUMED, STEP)
18:39:22.57 INFO: [TadState] TAD state changed:  DEBUG_RESUMED -> READY (SUSPENDED, STEP)
18:39:22.247 INFO: [TadState] TAD state changed:  READY -> DEBUG_RESUMED (RESUMED, STEP)
18:39:22.368 INFO: [TadState] TAD state changed:  DEBUG_RESUMED -> READY (SUSPENDED, STEP)
18:39:22.506 INFO: [TadState] TAD state changed:  READY -> DEBUG_RESUMED (RESUMED, STEP)
18:39:22.559 INFO: [TadState] TAD state changed:  DEBUG_RESUMED -> READY (SUSPENDED, STEP)
18:39:22.728 INFO: [TadState] TAD state changed:  READY -> DEBUG_RESUMED (RESUMED, STEP)
18:39:22.935 INFO: [TadState] TAD state changed:  DEBUG_RESUMED -> READY (SUSPENDED, STEP)
18:39:22.950 INFO: [TadState] TAD state changed:  READY -> DEBUG_RESUMED (RESUMED, STEP)
18:39:22.993 INFO: [TadState] TAD state changed:  DEBUG_RESUMED -> READY (SUSPENDED, STEP)
18:39:23.81 INFO: [TadState] TAD state changed:  READY -> DEBUG_RESUMED (RESUMED, STEP)
18:39:23.259 INFO: [TadState] TAD state changed:  DEBUG_RESUMED -> READY (SUSPENDED, STEP)
18:39:23.275 INFO: [TadState] TAD state changed:  READY -> DEBUG_RESUMED (RESUMED, STEP)
18:39:23.400 INFO: [TadState] TAD state changed:  DEBUG_RESUMED -> READY (SUSPENDED, STEP)
18:39:23.415 INFO: [TadState] TAD state changed:  READY -> DEBUG_RESUMED (RESUMED, STEP)
18:39:23.447 INFO: [TadState] TAD state changed:  DEBUG_RESUMED -> READY (SUSPENDED, STEP)
18:39:23.574 INFO: [TadState] TAD state changed:  READY -> DEBUG_RESUMED (RESUMED, STEP)
18:39:23.706 INFO: [TadState] TAD state changed:  DEBUG_RESUMED -> READY (SUSPENDED, STEP)
18:39:25.330 INFO: [TadState] TAD state changed:  READY -> DEBUG_RESUMED (RESUMED, USER_REQUEST)
18:40:02.786 INFO: [TadState] TAD state changed:  DEBUG_RESUMED -> READY (SUSPENDED, SIGNAL)
18:40:04.760 INFO: [TadModel] DSF session ID 6 has ended.
